<?xml version="1.0" encoding="utf-8"?><testsuites name="pytest tests"><testsuite name="pytest" errors="0" failures="0" skipped="0" tests="7" time="2.345" timestamp="2026-03-16T07:12:05.197126+05:30" hostname="DESKTOP-4JP8NHQ"><testcase classname="tests.test_analytics.test_analytics_outputs" name="test_analytics_modules_importable" time="0.001" /><testcase classname="tests.test_cleaning.test_cleaning_pipeline" name="test_date_parsing" time="0.003" /><testcase classname="tests.test_ml.test_demand_forecasting" name="test_demand_forecast_generation" time="0.073" /><testcase classname="tests.test_ml.test_leak_prediction" name="test_leak_prediction_training" time="0.394" /><testcase classname="tests.test_transformations.test_dma_assignment" name="test_assign_dma" time="0.003" /><testcase classname="tests.test_transformations.test_time_features" name="test_add_time_features" time="0.004" /><testcase classname="tests.test_transformations.test_ufg_analysis" name="test_calculate_ufg" time="0.005" /></testsuite></testsuites>